Determining if the pthread_create exist failed with the following output:
Change Dir: /fs03/share/users/nicolas.clerc/home/ds_clerc_ros_ws/build/CMakeFiles/CMakeTmp

Run Build Command:/usr/bin/make "cmTryCompileExec3448703962/fast"
/usr/bin/make -f CMakeFiles/cmTryCompileExec3448703962.dir/build.make CMakeFiles/cmTryCompileExec3448703962.dir/build
make[1]: entrant dans le répertoire « /fs03/share/users/nicolas.clerc/home/ds_clerc_ros_ws/build/CMakeFiles/CMakeTmp »
/usr/bin/cmake -E cmake_progress_report /fs03/share/users/nicolas.clerc/home/ds_clerc_ros_ws/build/CMakeFiles/CMakeTmp/CMakeFiles 1
Building C object CMakeFiles/cmTryCompileExec3448703962.dir/CheckSymbolExists.c.o
/usr/bin/cc    -o CMakeFiles/cmTryCompileExec3448703962.dir/CheckSymbolExists.c.o   -c /fs03/share/users/nicolas.clerc/home/ds_clerc_ros_ws/build/CMakeFiles/CMakeTmp/CheckSymbolExists.c
Linking C executable cmTryCompileExec3448703962
/usr/bin/cmake -E cmake_link_script CMakeFiles/cmTryCompileExec3448703962.dir/link.txt --verbose=1
/usr/bin/cc       CMakeFiles/cmTryCompileExec3448703962.dir/CheckSymbolExists.c.o  -o cmTryCompileExec3448703962 -rdynamic 
CMakeFiles/cmTryCompileExec3448703962.dir/CheckSymbolExists.c.o : Dans la fonction « main » :
CheckSymbolExists.c:(.text+0x16) : référence indéfinie vers « pthread_create »
collect2: error: ld returned 1 exit status
make[1]: *** [cmTryCompileExec3448703962] Erreur 1
make[1]: quittant le répertoire « /fs03/share/users/nicolas.clerc/home/ds_clerc_ros_ws/build/CMakeFiles/CMakeTmp »
make: *** [cmTryCompileExec3448703962/fast] Erreur 2

File /fs03/share/users/nicolas.clerc/home/ds_clerc_ros_ws/build/CMakeFiles/CMakeTmp/CheckSymbolExists.c:
/* */
#include <pthread.h>

int main(int argc, char** argv)
{
  (void)argv;
#ifndef pthread_create
  return ((int*)(&pthread_create))[argc];
#else
  (void)argc;
  return 0;
#endif
}

Determining if the function pthread_create exists in the pthreads failed with the following output:
Change Dir: /fs03/share/users/nicolas.clerc/home/ds_clerc_ros_ws/build/CMakeFiles/CMakeTmp

Run Build Command:/usr/bin/make "cmTryCompileExec61638457/fast"
/usr/bin/make -f CMakeFiles/cmTryCompileExec61638457.dir/build.make CMakeFiles/cmTryCompileExec61638457.dir/build
make[1]: entrant dans le répertoire « /fs03/share/users/nicolas.clerc/home/ds_clerc_ros_ws/build/CMakeFiles/CMakeTmp »
/usr/bin/cmake -E cmake_progress_report /fs03/share/users/nicolas.clerc/home/ds_clerc_ros_ws/build/CMakeFiles/CMakeTmp/CMakeFiles 1
Building C object CMakeFiles/cmTryCompileExec61638457.dir/CheckFunctionExists.c.o
/usr/bin/cc   -DCHECK_FUNCTION_EXISTS=pthread_create   -o CMakeFiles/cmTryCompileExec61638457.dir/CheckFunctionExists.c.o   -c /usr/share/cmake-2.8/Modules/CheckFunctionExists.c
Linking C executable cmTryCompileExec61638457
/usr/bin/cmake -E cmake_link_script CMakeFiles/cmTryCompileExec61638457.dir/link.txt --verbose=1
/usr/bin/cc   -DCHECK_FUNCTION_EXISTS=pthread_create    CMakeFiles/cmTryCompileExec61638457.dir/CheckFunctionExists.c.o  -o cmTryCompileExec61638457 -rdynamic -lpthreads 
/usr/bin/ld : ne peut trouver -lpthreads
collect2: error: ld returned 1 exit status
make[1]: *** [cmTryCompileExec61638457] Erreur 1
make[1]: quittant le répertoire « /fs03/share/users/nicolas.clerc/home/ds_clerc_ros_ws/build/CMakeFiles/CMakeTmp »
make: *** [cmTryCompileExec61638457/fast] Erreur 2


